<?xml version="1.0" encoding="UTF-8"?>
<!-- Generated by org.testng.reporters.JUnitReportReporter -->
<testsuite hostname="Nagarajshetty" failures="0" tests="1" name="demojenkins.Test3" time="0.035" errors="0" timestamp="2022-10-24T07:46:12 IST" skipped="0">
  <testcase classname="demojenkins.Test3" name="tc3" time="0.035"/>
  <system-out>
    <![CDATA[hiii]]>
  </system-out>
</testsuite> <!-- demojenkins.Test3 -->
