<?xml version="1.0" encoding="UTF-8"?>
<!-- Generated by org.testng.reporters.JUnitReportReporter -->
<testsuite hostname="Nagarajshetty" failures="0" tests="1" name="demojenkins.Test2" time="0.166" errors="0" timestamp="2022-10-23T20:19:20 IST" skipped="0">
  <testcase classname="demojenkins.Test2" name="tc2" time="0.166"/>
  <system-out>
    <![CDATA[hii jenkins]]>
  </system-out>
</testsuite> <!-- demojenkins.Test2 -->
