<?xml version="1.0" encoding="UTF-8"?>
<!-- Generated by org.testng.reporters.JUnitReportReporter -->
<testsuite hostname="Nagarajshetty" failures="0" tests="1" name="demojenkins.Test1" time="0.013" errors="0" timestamp="2022-10-23T20:19:20 IST" skipped="0">
  <testcase classname="demojenkins.Test1" name="tc1" time="0.013"/>
  <system-out>
    <![CDATA[helo selenium]]>
  </system-out>
</testsuite> <!-- demojenkins.Test1 -->
